<?xml version="1.0" encoding="UTF-8"?>
<!-- Generated by org.testng.reporters.JUnitReportReporter -->
<testsuite hostname="Ashu-therockstar" failures="0" tests="1" name="com.inetbanking.testCases.TC_AddCustomerTest_003" time="20.585" errors="0" timestamp="18 Jun 2022 19:16:04 GMT" skipped="0">
  <testcase classname="com.inetbanking.testCases.TC_AddCustomerTest_003" name="addNewCustomer" time="20.585"/>
</testsuite> <!-- com.inetbanking.testCases.TC_AddCustomerTest_003 -->
