<?xml version="1.0" encoding="UTF-8"?>
<!-- Generated by org.testng.reporters.JUnitReportReporter -->
<testsuite hostname="Ashu-therockstar" failures="0" tests="1" name="com.inetbanking.testCases.TC_addNewAccount" time="12.326" errors="0" timestamp="18 Jun 2022 20:29:37 GMT" skipped="0">
  <testcase classname="com.inetbanking.testCases.TC_addNewAccount" name="addnewAccount" time="12.326"/>
</testsuite> <!-- com.inetbanking.testCases.TC_addNewAccount -->
