<?xml version="1.0" encoding="UTF-8"?>
<!-- Generated by org.testng.reporters.JUnitReportReporter -->
<testsuite hostname="Ashu-therockstar" failures="0" tests="1" name="com.inetbanking.testCases.TC_LoginTest_001" time="12.559" errors="0" timestamp="18 Jun 2022 13:13:00 GMT" skipped="0">
  <testcase classname="com.inetbanking.testCases.TC_LoginTest_001" name="loginTest" time="12.559"/>
</testsuite> <!-- com.inetbanking.testCases.TC_LoginTest_001 -->
